<html>
<body>
<pre>
<h1>킮ision Build Log</h1>
<h2>Tool Versions:</h2>
IDE-Version: μVision V5.18.0.0
Copyright (C) 2016 ARM Ltd and ARM Germany GmbH. All rights reserved.
License Information: - eslab - Flex license: MDK-ARM Standard Cortex-M only: 27 user(s) (mdk_cm_std) Support: Jan 2016
 
Tool Versions:
Toolchain:       MDK-ARM Standard Cortex-M only: 27 user(s)  Version: 5.18
Toolchain Path:  C:\Keil_v5\ARM\ARMCC\Bin
C Compiler:      Armcc.exe V5.06 update 1 (build 61)
Assembler:       Armasm.exe V5.06 update 1 (build 61)
Linker/Locator:  ArmLink.exe V5.06 update 1 (build 61)
Library Manager: ArmAr.exe V5.06 update 1 (build 61)
Hex Converter:   FromElf.exe V5.06 update 1 (build 61)
CPU DLL:         SARMCM3.DLL V5.18
Dialog DLL:      DCM.DLL V1.13.6.0
Target DLL:      UL2CM3.DLL V1.157.5.0
Dialog DLL:      TCM.DLL V1.14.8.0
 
<h2>Project:</h2>
D:\2021-1\2019임베디드\2021 - 9주차_적외선 센서 RTOS\2021\Lab8_IR\IR Sensor\MDK-ARM\Project.uvprojx
Project File Date:  05/01/2018

<h2>Output:</h2>
*** Using Compiler 'V5.06 update 1 (build 61)', folder: 'C:\Keil_v5\ARM\ARMCC\Bin'
Build target 'IR_Sensor'
compiling ts3510.c...
compiling stmpe811.c...
compiling stmpe1600.c...
compiling stm324x9i_eval_io.c...
compiling stm32f4xx_hal.c...
compiling system_stm32f4xx.c...
compiling stm32f4xx_hal_cortex.c...
compiling stm324x9i_eval.c...
compiling stm32f4xx_hal_adc.c...
compiling stm32f4xx_hal_gpio.c...
compiling stm32f4xx_hal_rcc.c...
compiling stm32f4xx_hal_dma_ex.c...
compiling stm32f4xx_hal_uart.c...
compiling stm32f4xx_hal_i2c.c...
compiling stm32f4xx_hal_sram.c...
assembling startup_stm32f429xx.s...
compiling stm32f4xx_ll_fmc.c...
compiling stm32f4xx_hal_msp.c...
..\Src\stm32f4xx_hal_msp.c(72): error:  #29: expected an expression
  	if(hadc->Instance ==  /*ADC3*/)  // left   <<  ADC1 , ADC2,  ADC3 ?? ?毬?  ??을 ??.
..\Src\stm32f4xx_hal_msp.c(89): error:  #29: expected an expression
  	if(hadc->Instance == /*ADC2*/ )  // right
..\Src\stm32f4xx_hal_msp.c(102): error:  #29: expected an expression
  	if(hadc->Instance == /*ADC1*/  )  // bottom
..\Src\stm32f4xx_hal_msp.c: 0 warnings, 3 errors
compiling stm32f4xx_hal_dma.c...
compiling stm32f4xx_hal_adc_ex.c...
compiling main.c...
compiling stm32f4xx_it.c...
".\output\IR_Sensor.axf" - 3 Error(s), 0 Warning(s).

<h2>Collection of Component include folders:</h2>
  D:\2021-1\2019임베디드\2021 - 9주차_적외선 센서 RTOS\2021\Lab8_IR\IR Sensor\MDK-ARM\RTE
  C:\Keil_v5\ARM\PACK\Keil\STM32F4xx_DFP\2.4.0\Drivers\CMSIS\Device\ST\STM32F4xx\Include

<h2>Collection of Component Files used:</h2>
Target not created.
Build Time Elapsed:  00:00:04
</pre>
</body>
</html>
